<?xml version="1.0" encoding="UTF-8"?>
<testsuite name="Test" tests="4" skipped="0" failures="0" errors="0" timestamp="2019-08-17T01:24:30" hostname="DESKTOP-NRLN2JE" time="0.028">
  <properties/>
  <testcase name="test1" classname="Test" time="0.026"/>
  <testcase name="test2" classname="Test" time="0.0"/>
  <testcase name="test3" classname="Test" time="0.0"/>
  <testcase name="test4" classname="Test" time="0.001"/>
  <system-out><![CDATA[]]></system-out>
  <system-err><![CDATA[]]></system-err>
</testsuite>
