<?xml version="1.0" encoding="UTF-8"?>
<testsuite name="Test" tests="1" skipped="0" failures="0" errors="0" timestamp="2019-08-17T00:57:16" hostname="DESKTOP-NRLN2JE" time="0.004">
  <properties/>
  <testcase name="testNonNull" classname="Test" time="0.004"/>
  <system-out><![CDATA[]]></system-out>
  <system-err><![CDATA[]]></system-err>
</testsuite>
